<?xml version="1.0" encoding="UTF-8"?>
<testsuite xmlns:xsi="http://www.w3.org/2001/XMLSchema-instance" xsi:noNamespaceSchemaLocation="https://maven.apache.org/surefire/maven-surefire-plugin/xsd/surefire-test-report.xsd" version="3.0.2" name="TestSuite" time="13.208" tests="7" errors="0" skipped="0" failures="0">
  <properties>
[...]
</properties>
  <testcase name="runScenario[&quot;Successfully generate an auth token with valid credentials&quot;, &quot;Auth - Create Token&quot;](4)" classname="runner.RunApiTest" time="3.756">
    <system-out><![CDATA[
Scenario: Validate missing username in the auth request &amp#27;[90m# src/test/resources/features/api/AuthCreateToken.feature:21&amp#27;[0m

Scenario: Validate missing password in the auth request &amp#27;[90m# src/test/resources/features/api/AuthCreateToken.feature:15&amp#27;[0m

Scenario: Successfully generate an auth token with valid credentials &amp#27;[90m# src/test/resources/features/api/AuthCreateToken.feature:3&amp#27;[0m

Scenario: Fail to generate an auth token with invalid credentials &amp#27;[90m# src/test/resources/features/api/AuthCreateToken.feature:9&amp#27;[0m
  &amp#27;[32mGiven &amp#27;[0m&amp#27;[32mI have invalid user credentials&amp#27;[0m                           &amp#27;[90m# steps.api.RestfulBookerSteps.i_have_invalid_user_credentials()&amp#27;[0m
  &amp#27;[32mGiven &amp#27;[0m&amp#27;[32mI have valid user credentials&amp#27;[0m                                &amp#27;[90m# steps.api.RestfulBookerSteps.i_have_valid_user_credentials()&amp#27;[0m
  &amp#27;[32mGiven &amp#27;[0m&amp#27;[32mI have valid password but missing username&amp#27;[0m      &amp#27;[90m# steps.api.RestfulBookerSteps.i_have_valid_password_but_missing_username()&amp#27;[0m
  &amp#27;[32mGiven &amp#27;[0m&amp#27;[32mI have valid username but missing password&amp#27;[0m      &amp#27;[90m# steps.api.RestfulBookerSteps.i_have_valid_username_but_missing_password()&amp#27;[0m
  &amp#27;[32mWhen &amp#27;[0m&amp#27;[32mI send a POST request to the &amp#27;[0m&amp#27;[32m&amp#27;[1m"/auth"&amp#27;[0m&amp#27;[32m endpoint&amp#27;[0m    &amp#27;[90m# steps.api.RestfulBookerSteps.i_send_post_request_to_endpoint(java.lang.String)&amp#27;[0m
  &amp#27;[32mWhen &amp#27;[0m&amp#27;[32mI send a POST request to the &amp#27;[0m&amp#27;[32m&amp#27;[1m"/auth"&amp#27;[0m&amp#27;[32m endpoint&amp#27;[0m              &amp#27;[90m# steps.api.RestfulBookerSteps.i_send_post_request_to_endpoint(java.lang.String)&amp#27;[0m
  &amp#27;[32mWhen &amp#27;[0m&amp#27;[32mI send a POST request to the &amp#27;[0m&amp#27;[32m&amp#27;[1m"/auth"&amp#27;[0m&amp#27;[32m endpoint&amp#27;[0m    &amp#27;[90m# steps.api.RestfulBookerSteps.i_send_post_request_to_endpoint(java.lang.String)&amp#27;[0m
  &amp#27;[32mWhen &amp#27;[0m&amp#27;[32mI send a POST request to the &amp#27;[0m&amp#27;[32m&amp#27;[1m"/auth"&amp#27;[0m&amp#27;[32m endpoint&amp#27;[0m                 &amp#27;[90m# steps.api.RestfulBookerSteps.i_send_post_request_to_endpoint(java.lang.String)&amp#27;[0m
  &amp#27;[32mThen &amp#27;[0m&amp#27;[32mI should not receive a token in the response&amp#27;[0m               &amp#27;[90m# steps.api.RestfulBookerSteps.i_should_not_receive_token_in_response()&amp#27;[0m
  &amp#27;[32mThen &amp#27;[0m&amp#27;[32mI should not receive a token in the response&amp#27;[0m     &amp#27;[90m# steps.api.RestfulBookerSteps.i_should_not_receive_token_in_response()&amp#27;[0m
  &amp#27;[32mThen &amp#27;[0m&amp#27;[32mI should receive a token in the response&amp#27;[0m                      &amp#27;[90m# steps.api.RestfulBookerSteps.i_should_receive_token_in_response()&amp#27;[0m
  &amp#27;[32mThen &amp#27;[0m&amp#27;[32mI should not receive a token in the response&amp#27;[0m     &amp#27;[90m# steps.api.RestfulBookerSteps.i_should_not_receive_token_in_response()&amp#27;[0m
  &amp#27;[32mAnd &amp#27;[0m&amp#27;[32mthe response status code should be &amp#27;[0m&amp#27;[32m&amp#27;[1m200&amp#27;[0m            &amp#27;[90m# steps.api.RestfulBookerSteps.the_response_status_code_should_be(int)&amp#27;[0m
  &amp#27;[32mAnd &amp#27;[0m&amp#27;[32mthe response status code should be &amp#27;[0m&amp#27;[32m&amp#27;[1m200&amp#27;[0m                         &amp#27;[90m# steps.api.RestfulBookerSteps.the_response_status_code_should_be(int)&amp#27;[0m
  &amp#27;[32mAnd &amp#27;[0m&amp#27;[32mthe response status code should be &amp#27;[0m&amp#27;[32m&amp#27;[1m200&amp#27;[0m            &amp#27;[90m# steps.api.RestfulBookerSteps.the_response_status_code_should_be(int)&amp#27;[0m
  &amp#27;[32mAnd &amp#27;[0m&amp#27;[32mthe response status code should be &amp#27;[0m&amp#27;[32m&amp#27;[1m200&amp#27;[0m                      &amp#27;[90m# steps.api.RestfulBookerSteps.the_response_status_code_should_be(int)&amp#27;[0m
]]></system-out>
    <system-err><![CDATA[SLF4J: Failed to load class "org.slf4j.impl.StaticLoggerBinder".
SLF4J: Defaulting to no-operation (NOP) logger implementation
SLF4J: See http://www.slf4j.org/codes.html#StaticLoggerBinder for further details.
]]></system-err>
  </testcase>
  <testcase name="runScenario[&quot;Validate missing password in the auth request&quot;, &quot;Auth - Create Token&quot;](4)" classname="runner.RunApiTest" time="3.758"/>
  <testcase name="runScenario[&quot;Validate missing username in the auth request&quot;, &quot;Auth - Create Token&quot;](4)" classname="runner.RunApiTest" time="3.758"/>
  <testcase name="runScenario[&quot;Fail to generate an auth token with invalid credentials&quot;, &quot;Auth - Create Token&quot;](4)" classname="runner.RunApiTest" time="3.758"/>
  <testcase name="runScenario[&quot;Successful Login&quot;, &quot;SauceDemo Login and Cart Functionality&quot;](1)" classname="runner.RunWebTest" time="7.152">
    <system-out><![CDATA[
Scenario: Successful Login                   &amp#27;[90m# src/test/resources/features/web/Login.feature:3&amp#27;[0m

Scenario: Add Product to Cart            &amp#27;[90m# src/test/resources/features/web/Login.feature:9&amp#27;[0m

Scenario: Logout from SauceDemo      &amp#27;[90m# src/test/resources/features/web/Login.feature:14&amp#27;[0m
  &amp#27;[32mGiven &amp#27;[0m&amp#27;[32mI am on the SauceDemo login page&amp#27;[0m     &amp#27;[90m# steps.web.SauceDemoSteps.i_am_on_the_sauce_demo_login_page()&amp#27;[0m
  &amp#27;[32mWhen &amp#27;[0m&amp#27;[32mI enter a valid username and password&amp#27;[0m &amp#27;[90m# steps.web.SauceDemoSteps.i_enter_a_valid_username_and_password()&amp#27;[0m
  &amp#27;[32mAnd &amp#27;[0m&amp#27;[32mI click the login button&amp#27;[0m               &amp#27;[90m# steps.web.SauceDemoSteps.i_click_the_login_button()&amp#27;[0m
  &amp#27;[32mThen &amp#27;[0m&amp#27;[32mI should see the products page&amp#27;[0m        &amp#27;[90m# steps.web.SauceDemoSteps.i_should_see_the_products_page()&amp#27;[0m
]]></system-out>
    <system-err><![CDATA[Oct 28, 2024 3:50:31 PM org.openqa.selenium.devtools.CdpVersionFinder findNearestMatch
WARNING: Unable to find an exact match for CDP version 130, returning the closest version; found: 129; Please update to a Selenium version that supports CDP version 130
Oct 28, 2024 3:50:31 PM org.openqa.selenium.devtools.CdpVersionFinder findNearestMatch
WARNING: Unable to find an exact match for CDP version 130, returning the closest version; found: 129; Please update to a Selenium version that supports CDP version 130
Oct 28, 2024 3:50:31 PM org.openqa.selenium.devtools.CdpVersionFinder findNearestMatch
WARNING: Unable to find an exact match for CDP version 130, returning the closest version; found: 129; Please update to a Selenium version that supports CDP version 130
]]></system-err>
  </testcase>
  <testcase name="runScenario[&quot;Add Product to Cart&quot;, &quot;SauceDemo Login and Cart Functionality&quot;](2)" classname="runner.RunWebTest" time="7.602">
    <system-out><![CDATA[  &amp#27;[32mGiven &amp#27;[0m&amp#27;[32mI am logged into SauceDemo&amp#27;[0m       &amp#27;[90m# steps.web.SauceDemoSteps.i_am_logged_into_sauce_demo()&amp#27;[0m
  &amp#27;[32mWhen &amp#27;[0m&amp#27;[32mI add a product to the cart&amp#27;[0m       &amp#27;[90m# steps.web.SauceDemoSteps.i_add_a_product_to_the_cart()&amp#27;[0m
  &amp#27;[32mGiven &amp#27;[0m&amp#27;[32mI am logged into SauceDemo&amp#27;[0m   &amp#27;[90m# steps.web.SauceDemoSteps.i_am_logged_into_sauce_demo()&amp#27;[0m
  &amp#27;[32mThen &amp#27;[0m&amp#27;[32mthe product should be in the cart&amp#27;[0m &amp#27;[90m# steps.web.SauceDemoSteps.the_product_should_be_in_the_cart()&amp#27;[0m
]]></system-out>
  </testcase>
  <testcase name="runScenario[&quot;Logout from SauceDemo&quot;, &quot;SauceDemo Login and Cart Functionality&quot;](3)" classname="runner.RunWebTest" time="8.422">
    <system-out><![CDATA[  &amp#27;[32mWhen &amp#27;[0m&amp#27;[32mI logout from the application&amp#27;[0m &amp#27;[90m# steps.web.SauceDemoSteps.i_logout_from_the_application()&amp#27;[0m
  &amp#27;[32mThen &amp#27;[0m&amp#27;[32mI should see the login page&amp#27;[0m   &amp#27;[90m# steps.web.SauceDemoSteps.i_should_see_the_login_page()&amp#27;[0m
]]></system-out>
  </testcase>
</testsuite>