<?xml version="1.0" encoding="UTF-8"?>
<testng-results ignored="0" total="7" passed="7" failed="0" skipped="0">
  <reporter-output>
  </reporter-output>
  <suite started-at="2024-10-28T15:50:23 WIB" name="Surefire suite" finished-at="2024-10-28T15:50:35 WIB" duration-ms="12772">
    <groups>
      <group name="cucumber">
        <method signature="AbstractTestNGCucumberTests.runScenario(io.cucumber.testng.PickleWrapper,io.cucumber.testng.FeatureWrapper)[pri:0, instance:runner.RunApiTest@4f209819]" name="runScenario" class="io.cucumber.testng.AbstractTestNGCucumberTests"/>
        <method signature="AbstractTestNGCucumberTests.runScenario(io.cucumber.testng.PickleWrapper,io.cucumber.testng.FeatureWrapper)[pri:0, instance:runner.RunWebTest@31c88ec8]" name="runScenario" class="io.cucumber.testng.AbstractTestNGCucumberTests"/>
      </group> <!-- cucumber -->
    </groups>
    <test started-at="2024-10-28T15:50:23 WIB" name="Surefire test" finished-at="2024-10-28T15:50:35 WIB" duration-ms="12772">
      <class name="runner.RunWebTest">
        <test-method is-config="true" signature="setUpClass(org.testng.ITestContext)[pri:0, instance:runner.RunWebTest@31c88ec8]" started-at="2024-10-28T15:50:27 WIB" name="setUpClass" finished-at="2024-10-28T15:50:27 WIB" duration-ms="13" status="PASS">
          <params>
            <param index="0">
              <value>
                <![CDATA[org.testng.TestRunner@2692b61e]]>
              </value>
            </param>
          </params>
          <reporter-output>
          </reporter-output>
        </test-method> <!-- setUpClass -->
        <test-method signature="runScenario(io.cucumber.testng.PickleWrapper,io.cucumber.testng.FeatureWrapper)[pri:0, instance:runner.RunWebTest@31c88ec8]" started-at="2024-10-28T15:50:27 WIB" name="runScenario" description="Runs Cucumber Scenarios" data-provider="scenarios" finished-at="2024-10-28T15:50:34 WIB" duration-ms="7153" status="PASS">
          <params>
            <param index="0">
              <value>
                <![CDATA["Successful Login"]]>
              </value>
            </param>
            <param index="1">
              <value>
                <![CDATA["SauceDemo Login and Cart Functionality"]]>
              </value>
            </param>
          </params>
          <reporter-output>
          </reporter-output>
        </test-method> <!-- runScenario -->
        <test-method signature="runScenario(io.cucumber.testng.PickleWrapper,io.cucumber.testng.FeatureWrapper)[pri:0, instance:runner.RunWebTest@31c88ec8]" started-at="2024-10-28T15:50:27 WIB" name="runScenario" description="Runs Cucumber Scenarios" data-provider="scenarios" finished-at="2024-10-28T15:50:35 WIB" duration-ms="7603" status="PASS">
          <params>
            <param index="0">
              <value>
                <![CDATA["Add Product to Cart"]]>
              </value>
            </param>
            <param index="1">
              <value>
                <![CDATA["SauceDemo Login and Cart Functionality"]]>
              </value>
            </param>
          </params>
          <reporter-output>
          </reporter-output>
        </test-method> <!-- runScenario -->
        <test-method signature="runScenario(io.cucumber.testng.PickleWrapper,io.cucumber.testng.FeatureWrapper)[pri:0, instance:runner.RunWebTest@31c88ec8]" started-at="2024-10-28T15:50:27 WIB" name="runScenario" description="Runs Cucumber Scenarios" data-provider="scenarios" finished-at="2024-10-28T15:50:35 WIB" duration-ms="8422" status="PASS">
          <params>
            <param index="0">
              <value>
                <![CDATA["Logout from SauceDemo"]]>
              </value>
            </param>
            <param index="1">
              <value>
                <![CDATA["SauceDemo Login and Cart Functionality"]]>
              </value>
            </param>
          </params>
          <reporter-output>
          </reporter-output>
        </test-method> <!-- runScenario -->
        <test-method is-config="true" signature="tearDownClass()[pri:0, instance:runner.RunWebTest@31c88ec8]" started-at="2024-10-28T15:50:35 WIB" name="tearDownClass" finished-at="2024-10-28T15:50:35 WIB" duration-ms="12" status="PASS">
          <reporter-output>
          </reporter-output>
        </test-method> <!-- tearDownClass -->
      </class> <!-- runner.RunWebTest -->
      <class name="runner.RunApiTest">
        <test-method is-config="true" signature="setUpClass(org.testng.ITestContext)[pri:0, instance:runner.RunApiTest@4f209819]" started-at="2024-10-28T15:50:23 WIB" name="setUpClass" finished-at="2024-10-28T15:50:23 WIB" duration-ms="477" status="PASS">
          <params>
            <param index="0">
              <value>
                <![CDATA[org.testng.TestRunner@2692b61e]]>
              </value>
            </param>
          </params>
          <reporter-output>
          </reporter-output>
        </test-method> <!-- setUpClass -->
        <test-method signature="runScenario(io.cucumber.testng.PickleWrapper,io.cucumber.testng.FeatureWrapper)[pri:0, instance:runner.RunApiTest@4f209819]" started-at="2024-10-28T15:50:23 WIB" name="runScenario" description="Runs Cucumber Scenarios" data-provider="scenarios" finished-at="2024-10-28T15:50:27 WIB" duration-ms="3756" status="PASS">
          <params>
            <param index="0">
              <value>
                <![CDATA["Successfully generate an auth token with valid credentials"]]>
              </value>
            </param>
            <param index="1">
              <value>
                <![CDATA["Auth - Create Token"]]>
              </value>
            </param>
          </params>
          <reporter-output>
          </reporter-output>
        </test-method> <!-- runScenario -->
        <test-method signature="runScenario(io.cucumber.testng.PickleWrapper,io.cucumber.testng.FeatureWrapper)[pri:0, instance:runner.RunApiTest@4f209819]" started-at="2024-10-28T15:50:23 WIB" name="runScenario" description="Runs Cucumber Scenarios" data-provider="scenarios" finished-at="2024-10-28T15:50:27 WIB" duration-ms="3756" status="PASS">
          <params>
            <param index="0">
              <value>
                <![CDATA["Validate missing password in the auth request"]]>
              </value>
            </param>
            <param index="1">
              <value>
                <![CDATA["Auth - Create Token"]]>
              </value>
            </param>
          </params>
          <reporter-output>
          </reporter-output>
        </test-method> <!-- runScenario -->
        <test-method signature="runScenario(io.cucumber.testng.PickleWrapper,io.cucumber.testng.FeatureWrapper)[pri:0, instance:runner.RunApiTest@4f209819]" started-at="2024-10-28T15:50:23 WIB" name="runScenario" description="Runs Cucumber Scenarios" data-provider="scenarios" finished-at="2024-10-28T15:50:27 WIB" duration-ms="3756" status="PASS">
          <params>
            <param index="0">
              <value>
                <![CDATA["Fail to generate an auth token with invalid credentials"]]>
              </value>
            </param>
            <param index="1">
              <value>
                <![CDATA["Auth - Create Token"]]>
              </value>
            </param>
          </params>
          <reporter-output>
          </reporter-output>
        </test-method> <!-- runScenario -->
        <test-method signature="runScenario(io.cucumber.testng.PickleWrapper,io.cucumber.testng.FeatureWrapper)[pri:0, instance:runner.RunApiTest@4f209819]" started-at="2024-10-28T15:50:23 WIB" name="runScenario" description="Runs Cucumber Scenarios" data-provider="scenarios" finished-at="2024-10-28T15:50:27 WIB" duration-ms="3755" status="PASS">
          <params>
            <param index="0">
              <value>
                <![CDATA["Validate missing username in the auth request"]]>
              </value>
            </param>
            <param index="1">
              <value>
                <![CDATA["Auth - Create Token"]]>
              </value>
            </param>
          </params>
          <reporter-output>
          </reporter-output>
        </test-method> <!-- runScenario -->
        <test-method is-config="true" signature="tearDownClass()[pri:0, instance:runner.RunApiTest@4f209819]" started-at="2024-10-28T15:50:27 WIB" name="tearDownClass" finished-at="2024-10-28T15:50:27 WIB" duration-ms="39" status="PASS">
          <reporter-output>
          </reporter-output>
        </test-method> <!-- tearDownClass -->
      </class> <!-- runner.RunApiTest -->
    </test> <!-- Surefire test -->
  </suite> <!-- Surefire suite -->
</testng-results>
